<?xml version="1.0" encoding="UTF-8"?>
<!-- Generated by org.testng.reporters.JUnitXMLReporter -->
<testsuite ignored="3" hostname="DESKTOP-7K3FSMI" failures="0" tests="2" name="Sanity Test" time="0.181" errors="0" timestamp="2022-08-27T10:23:56 IST">
  <testcase classname="Test.Sample" name="ABC" time="0.025"/>
  <testcase classname="Test.Sample" name="Test2" time="0.009"/>
  <testcase classname="Test.Sample" name="BeforeMethod" time="0.0">
    <ignored/>
  </testcase> <!-- BeforeMethod -->
  <testcase classname="Test.Sample" name="Test1" time="0.0">
    <ignored/>
  </testcase> <!-- Test1 -->
  <testcase classname="Test.Sample" name="AfterMethod" time="0.0">
    <ignored/>
  </testcase> <!-- AfterMethod -->
</testsuite> <!-- Sanity Test -->
